==============================================================================
Test                                                                          
==============================================================================
Test.HomePageTest                                                             
==============================================================================
HP01 – HomePage carrega com componentes principais :: Valida carre... | PASS |
------------------------------------------------------------------------------
HP02 – HomePage abre e fecha menu lateral :: Valida a interação de... | PASS |
------------------------------------------------------------------------------
HP03 – HomePage ordena produtos de Z-A :: Valida troca da ordenaçã... | PASS |
------------------------------------------------------------------------------
HP04 – HomePage badge do carrinho com dois itens :: Adiciona dois ... | PASS |
------------------------------------------------------------------------------
HP05 – HomePage logout pelo menu lateral :: Realiza logout a parti... | PASS |
------------------------------------------------------------------------------
Test.HomePageTest                                                     | PASS |
5 tests, 5 passed, 0 failed
==============================================================================
Test                                                                  | PASS |
5 tests, 5 passed, 0 failed
==============================================================================
Output:  C:\Gabriel\projects\robot-framework\SwagLabs-QA-RobotFramework\results\pabot_results\2\output.xml
