==============================================================================
Test                                                                          
==============================================================================
Test.CheckoutPageTest                                                         
==============================================================================
CK01 – Cart page carrega com itens esperados :: Valida estrutura e... | PASS |
------------------------------------------------------------------------------
CK02 – Checkout information page carrega corretamente :: Valida tr... | PASS |
------------------------------------------------------------------------------
CK03 – Checkout overview valida subtotal, taxa e total :: Valida o... | PASS |
------------------------------------------------------------------------------
CK04 – Checkout complete e retorno para produtos :: Finaliza pedid... | PASS |
------------------------------------------------------------------------------
Test.CheckoutPageTest                                                 | PASS |
4 tests, 4 passed, 0 failed
==============================================================================
Test                                                                  | PASS |
4 tests, 4 passed, 0 failed
==============================================================================
Output:  C:\Gabriel\projects\robot-framework\SwagLabs-QA-RobotFramework\results\pabot_results\0\output.xml
